2019-11-09 21:36:41.160 DEBUG 4244 --- [background-preinit] .h.v.m.ResourceBundleMessageInterpolator : Loaded expression factory via original TCCL
2019-11-09 21:36:41.411  INFO 4244 --- [restartedMain] ee.taltech.java1127.Java1127Application  : Starting Java1127Application on EGLE with PID 4244 (C:\Users\Egle\IdeaProjects\iti0203-2019-1127\out\production\classes started by Egle in C:\Users\Egle\IdeaProjects\iti0203-2019-1127)
2019-11-09 21:36:41.422  INFO 4244 --- [restartedMain] ee.taltech.java1127.Java1127Application  : No active profile set, falling back to default profiles: default
2019-11-09 21:36:41.517  INFO 4244 --- [restartedMain] .e.DevToolsPropertyDefaultsPostProcessor : Devtools property defaults active! Set 'spring.devtools.add-properties' to 'false' to disable
2019-11-09 21:36:41.517  INFO 4244 --- [restartedMain] .e.DevToolsPropertyDefaultsPostProcessor : For additional web related logging consider setting the 'logging.level.web' property to 'DEBUG'
2019-11-09 21:36:43.006  INFO 4244 --- [restartedMain] .s.d.r.c.RepositoryConfigurationDelegate : Bootstrapping Spring Data repositories in DEFAULT mode.
2019-11-09 21:36:43.111  INFO 4244 --- [restartedMain] .s.d.r.c.RepositoryConfigurationDelegate : Finished Spring Data repository scanning in 96ms. Found 3 repository interfaces.
2019-11-09 21:36:43.577  INFO 4244 --- [restartedMain] trationDelegate$BeanPostProcessorChecker : Bean 'org.springframework.transaction.annotation.ProxyTransactionManagementConfiguration' of type [org.springframework.transaction.annotation.ProxyTransactionManagementConfiguration$$EnhancerBySpringCGLIB$$7555ac72] is not eligible for getting processed by all BeanPostProcessors (for example: not eligible for auto-proxying)
2019-11-09 21:36:44.029  INFO 4244 --- [restartedMain] o.s.b.w.embedded.tomcat.TomcatWebServer  : Tomcat initialized with port(s): 8000 (http)
2019-11-09 21:36:44.065  INFO 4244 --- [restartedMain] o.apache.catalina.core.StandardService   : Starting service [Tomcat]
2019-11-09 21:36:44.065  INFO 4244 --- [restartedMain] org.apache.catalina.core.StandardEngine  : Starting Servlet engine: [Apache Tomcat/9.0.24]
2019-11-09 21:36:44.261  INFO 4244 --- [restartedMain] o.a.c.c.C.[Tomcat].[localhost].[/api]    : Initializing Spring embedded WebApplicationContext
2019-11-09 21:36:44.397  INFO 4244 --- [restartedMain] o.f.c.internal.license.VersionPrinter    : Flyway Community Edition 5.2.4 by Boxfuse
2019-11-09 21:36:44.401  INFO 4244 --- [restartedMain] com.zaxxer.hikari.HikariDataSource       : HikariPool-1 - Starting...
2019-11-09 21:36:46.332  INFO 4244 --- [restartedMain] com.zaxxer.hikari.HikariDataSource       : HikariPool-1 - Start completed.
2019-11-09 21:36:46.338  INFO 4244 --- [restartedMain] o.f.c.internal.database.DatabaseFactory  : Database: jdbc:postgresql://valisonu.cvun9oez4fgd.us-east-1.rds.amazonaws.com:5432/postgres (PostgreSQL 11.5)
2019-11-09 21:36:46.479  WARN 4244 --- [restartedMain] o.f.c.internal.database.base.Database    : Flyway upgrade recommended: PostgreSQL 11.5 is newer than this version of Flyway and support has not been tested.
2019-11-09 21:36:48.006  INFO 4244 --- [restartedMain] o.f.core.internal.command.DbValidate     : Successfully validated 4 migrations (execution time 00:00.557s)
2019-11-09 21:36:49.500  INFO 4244 --- [restartedMain] o.f.core.internal.command.DbMigrate      : Current version of schema "public": 4
2019-11-09 21:36:49.632  INFO 4244 --- [restartedMain] o.f.core.internal.command.DbMigrate      : Schema "public" is up to date. No migration necessary.
2019-11-09 21:36:51.738  INFO 4244 --- [restartedMain] j.LocalContainerEntityManagerFactoryBean : Initialized JPA EntityManagerFactory for persistence unit 'default'
2019-11-09 21:36:52.312  WARN 4244 --- [restartedMain] aWebConfiguration$JpaWebMvcConfiguration : spring.jpa.open-in-view is enabled by default. Therefore, database queries may be performed during view rendering. Explicitly configure spring.jpa.open-in-view to disable this warning
2019-11-09 21:36:52.749  INFO 4244 --- [restartedMain] o.s.b.d.a.OptionalLiveReloadServer       : LiveReload server is running on port 35729
2019-11-09 21:36:52.817  INFO 4244 --- [restartedMain] o.s.b.w.embedded.tomcat.TomcatWebServer  : Tomcat started on port(s): 8000 (http) with context path '/api'
2019-11-09 21:36:52.822  INFO 4244 --- [restartedMain] ee.taltech.java1127.Java1127Application  : Started Java1127Application in 13.083 seconds (JVM running for 16.566)
