2019-11-10 00:11:51,253 WARN com.zaxxer.hikari.pool.HikariPool [HikariPool-1 housekeeper] HikariPool-1 - Thread starvation or clock leap detected (housekeeper delta=1h32m51s31ms587µs900ns).
2019-11-10 08:35:55,491 WARN com.zaxxer.hikari.pool.HikariPool [HikariPool-1 housekeeper] HikariPool-1 - Thread starvation or clock leap detected (housekeeper delta=8h22m4s222ms729µs600ns).
2019-11-10 08:36:35,942 INFO ee.taltech.java1127.Java1127Application [restartedMain] Starting Java1127Application on EGLE with PID 21128 (C:\Users\Egle\IdeaProjects\iti0203-2019-1127\out\production\classes started by Egle in C:\Users\Egle\IdeaProjects\iti0203-2019-1127)
2019-11-10 08:36:35,948 INFO ee.taltech.java1127.Java1127Application [restartedMain] No active profile set, falling back to default profiles: default
2019-11-10 08:36:36,068 INFO org.springframework.boot.devtools.env.DevToolsPropertyDefaultsPostProcessor [restartedMain] Devtools property defaults active! Set 'spring.devtools.add-properties' to 'false' to disable
2019-11-10 08:36:36,068 INFO org.springframework.boot.devtools.env.DevToolsPropertyDefaultsPostProcessor [restartedMain] For additional web related logging consider setting the 'logging.level.web' property to 'DEBUG'
2019-11-10 08:36:38,319 INFO org.springframework.data.repository.config.RepositoryConfigurationDelegate [restartedMain] Bootstrapping Spring Data repositories in DEFAULT mode.
2019-11-10 08:36:38,512 INFO org.springframework.data.repository.config.RepositoryConfigurationDelegate [restartedMain] Finished Spring Data repository scanning in 176ms. Found 3 repository interfaces.
2019-11-10 08:36:39,344 INFO org.springframework.context.support.PostProcessorRegistrationDelegate$BeanPostProcessorChecker [restartedMain] Bean 'org.springframework.transaction.annotation.ProxyTransactionManagementConfiguration' of type [org.springframework.transaction.annotation.ProxyTransactionManagementConfiguration$$EnhancerBySpringCGLIB$$e0eb821b] is not eligible for getting processed by all BeanPostProcessors (for example: not eligible for auto-proxying)
2019-11-10 08:36:40,014 INFO org.springframework.boot.web.embedded.tomcat.TomcatWebServer [restartedMain] Tomcat initialized with port(s): 8000 (http)
2019-11-10 08:36:40,045 INFO org.apache.coyote.http11.Http11NioProtocol [restartedMain] Initializing ProtocolHandler ["http-nio-8000"]
2019-11-10 08:36:40,066 INFO org.apache.catalina.core.StandardService [restartedMain] Starting service [Tomcat]
2019-11-10 08:36:40,068 INFO org.apache.catalina.core.StandardEngine [restartedMain] Starting Servlet engine: [Apache Tomcat/9.0.24]
2019-11-10 08:36:40,338 INFO org.apache.catalina.core.ContainerBase.[Tomcat].[localhost].[/api] [restartedMain] Initializing Spring embedded WebApplicationContext
2019-11-10 08:36:40,533 INFO org.flywaydb.core.internal.license.VersionPrinter [restartedMain] Flyway Community Edition 5.2.4 by Boxfuse
2019-11-10 08:36:40,535 INFO com.zaxxer.hikari.HikariDataSource [restartedMain] HikariPool-1 - Starting...
2019-11-10 08:36:42,395 INFO com.zaxxer.hikari.HikariDataSource [restartedMain] HikariPool-1 - Start completed.
2019-11-10 08:36:42,401 INFO org.flywaydb.core.internal.database.DatabaseFactory [restartedMain] Database: jdbc:postgresql://valisonu.cvun9oez4fgd.us-east-1.rds.amazonaws.com:5432/postgres (PostgreSQL 11.5)
2019-11-10 08:36:42,548 WARN org.flywaydb.core.internal.database.base.Database [restartedMain] Flyway upgrade recommended: PostgreSQL 11.5 is newer than this version of Flyway and support has not been tested.
2019-11-10 08:36:44,099 INFO org.flywaydb.core.internal.command.DbValidate [restartedMain] Successfully validated 4 migrations (execution time 00:00.576s)
2019-11-10 08:36:45,586 INFO org.flywaydb.core.internal.command.DbMigrate [restartedMain] Current version of schema "public": 4
2019-11-10 08:36:45,719 INFO org.flywaydb.core.internal.command.DbMigrate [restartedMain] Schema "public" is up to date. No migration necessary.
2019-11-10 08:36:47,935 INFO org.springframework.orm.jpa.LocalContainerEntityManagerFactoryBean [restartedMain] Initialized JPA EntityManagerFactory for persistence unit 'default'
2019-11-10 08:36:48,708 WARN org.springframework.boot.autoconfigure.orm.jpa.JpaBaseConfiguration$JpaWebConfiguration$JpaWebMvcConfiguration [restartedMain] spring.jpa.open-in-view is enabled by default. Therefore, database queries may be performed during view rendering. Explicitly configure spring.jpa.open-in-view to disable this warning
2019-11-10 08:36:49,282 INFO org.springframework.boot.devtools.autoconfigure.OptionalLiveReloadServer [restartedMain] LiveReload server is running on port 35729
2019-11-10 08:36:49,332 INFO org.apache.coyote.http11.Http11NioProtocol [restartedMain] Starting ProtocolHandler ["http-nio-8000"]
2019-11-10 08:36:49,369 INFO org.springframework.boot.web.embedded.tomcat.TomcatWebServer [restartedMain] Tomcat started on port(s): 8000 (http) with context path '/api'
2019-11-10 08:36:49,377 INFO ee.taltech.java1127.Java1127Application [restartedMain] Started Java1127Application in 14.319 seconds (JVM running for 18.224)
