2019-11-09 22:33:55,838 INFO ee.taltech.java1127.Java1127Application [restartedMain] Starting Java1127Application on EGLE with PID 12156 (C:\Users\Egle\IdeaProjects\iti0203-2019-1127\out\production\classes started by Egle in C:\Users\Egle\IdeaProjects\iti0203-2019-1127)
2019-11-09 22:33:55,846 INFO ee.taltech.java1127.Java1127Application [restartedMain] No active profile set, falling back to default profiles: default
2019-11-09 22:33:55,939 INFO org.springframework.boot.devtools.env.DevToolsPropertyDefaultsPostProcessor [restartedMain] Devtools property defaults active! Set 'spring.devtools.add-properties' to 'false' to disable
2019-11-09 22:33:55,940 INFO org.springframework.boot.devtools.env.DevToolsPropertyDefaultsPostProcessor [restartedMain] For additional web related logging consider setting the 'logging.level.web' property to 'DEBUG'
2019-11-09 22:33:57,215 INFO org.springframework.data.repository.config.RepositoryConfigurationDelegate [restartedMain] Bootstrapping Spring Data repositories in DEFAULT mode.
2019-11-09 22:33:57,340 INFO org.springframework.data.repository.config.RepositoryConfigurationDelegate [restartedMain] Finished Spring Data repository scanning in 117ms. Found 3 repository interfaces.
2019-11-09 22:33:57,758 INFO org.springframework.context.support.PostProcessorRegistrationDelegate$BeanPostProcessorChecker [restartedMain] Bean 'org.springframework.transaction.annotation.ProxyTransactionManagementConfiguration' of type [org.springframework.transaction.annotation.ProxyTransactionManagementConfiguration$$EnhancerBySpringCGLIB$$ed0136f7] is not eligible for getting processed by all BeanPostProcessors (for example: not eligible for auto-proxying)
2019-11-09 22:33:58,147 INFO org.springframework.boot.web.embedded.tomcat.TomcatWebServer [restartedMain] Tomcat initialized with port(s): 8000 (http)
2019-11-09 22:33:58,167 INFO org.apache.coyote.http11.Http11NioProtocol [restartedMain] Initializing ProtocolHandler ["http-nio-8000"]
2019-11-09 22:33:58,180 INFO org.apache.catalina.core.StandardService [restartedMain] Starting service [Tomcat]
2019-11-09 22:33:58,181 INFO org.apache.catalina.core.StandardEngine [restartedMain] Starting Servlet engine: [Apache Tomcat/9.0.24]
2019-11-09 22:33:58,356 INFO org.apache.catalina.core.ContainerBase.[Tomcat].[localhost].[/api] [restartedMain] Initializing Spring embedded WebApplicationContext
2019-11-09 22:33:58,486 INFO org.flywaydb.core.internal.license.VersionPrinter [restartedMain] Flyway Community Edition 5.2.4 by Boxfuse
2019-11-09 22:33:58,488 INFO com.zaxxer.hikari.HikariDataSource [restartedMain] HikariPool-1 - Starting...
2019-11-09 22:34:00,121 INFO com.zaxxer.hikari.HikariDataSource [restartedMain] HikariPool-1 - Start completed.
2019-11-09 22:34:00,131 INFO org.flywaydb.core.internal.database.DatabaseFactory [restartedMain] Database: jdbc:postgresql://valisonu.cvun9oez4fgd.us-east-1.rds.amazonaws.com:5432/postgres (PostgreSQL 11.5)
2019-11-09 22:34:00,262 WARN org.flywaydb.core.internal.database.base.Database [restartedMain] Flyway upgrade recommended: PostgreSQL 11.5 is newer than this version of Flyway and support has not been tested.
2019-11-09 22:34:01,703 INFO org.flywaydb.core.internal.command.DbValidate [restartedMain] Successfully validated 4 migrations (execution time 00:00.550s)
2019-11-09 22:34:03,077 INFO org.flywaydb.core.internal.command.DbMigrate [restartedMain] Current version of schema "public": 4
2019-11-09 22:34:03,201 INFO org.flywaydb.core.internal.command.DbMigrate [restartedMain] Schema "public" is up to date. No migration necessary.
2019-11-09 22:34:04,871 INFO org.springframework.orm.jpa.LocalContainerEntityManagerFactoryBean [restartedMain] Initialized JPA EntityManagerFactory for persistence unit 'default'
2019-11-09 22:34:05,342 WARN org.springframework.boot.autoconfigure.orm.jpa.JpaBaseConfiguration$JpaWebConfiguration$JpaWebMvcConfiguration [restartedMain] spring.jpa.open-in-view is enabled by default. Therefore, database queries may be performed during view rendering. Explicitly configure spring.jpa.open-in-view to disable this warning
2019-11-09 22:34:05,720 INFO org.springframework.boot.devtools.autoconfigure.OptionalLiveReloadServer [restartedMain] LiveReload server is running on port 35729
2019-11-09 22:34:05,753 INFO org.apache.coyote.http11.Http11NioProtocol [restartedMain] Starting ProtocolHandler ["http-nio-8000"]
2019-11-09 22:34:05,780 INFO org.springframework.boot.web.embedded.tomcat.TomcatWebServer [restartedMain] Tomcat started on port(s): 8000 (http) with context path '/api'
2019-11-09 22:34:05,785 INFO ee.taltech.java1127.Java1127Application [restartedMain] Started Java1127Application in 11.341 seconds (JVM running for 14.324)
