2019-11-18 09:13:47,105 INFO ee.taltech.java1127.Java1127Application [restartedMain] Starting Java1127Application on EGLE with PID 17564 (C:\Users\Egle\IdeaProjects\iti0203-2019-1127\out\production\classes started by Egle in C:\Users\Egle\IdeaProjects\iti0203-2019-1127)
2019-11-18 09:13:47,131 INFO ee.taltech.java1127.Java1127Application [restartedMain] No active profile set, falling back to default profiles: default
2019-11-18 09:13:47,257 INFO org.springframework.boot.devtools.env.DevToolsPropertyDefaultsPostProcessor [restartedMain] Devtools property defaults active! Set 'spring.devtools.add-properties' to 'false' to disable
2019-11-18 09:13:47,259 INFO org.springframework.boot.devtools.env.DevToolsPropertyDefaultsPostProcessor [restartedMain] For additional web related logging consider setting the 'logging.level.web' property to 'DEBUG'
2019-11-18 09:13:48,655 INFO org.springframework.data.repository.config.RepositoryConfigurationDelegate [restartedMain] Bootstrapping Spring Data repositories in DEFAULT mode.
2019-11-18 09:13:48,775 INFO org.springframework.data.repository.config.RepositoryConfigurationDelegate [restartedMain] Finished Spring Data repository scanning in 106ms. Found 3 repository interfaces.
2019-11-18 09:13:49,275 INFO org.springframework.context.support.PostProcessorRegistrationDelegate$BeanPostProcessorChecker [restartedMain] Bean 'org.springframework.transaction.annotation.ProxyTransactionManagementConfiguration' of type [org.springframework.transaction.annotation.ProxyTransactionManagementConfiguration$$EnhancerBySpringCGLIB$$eb004815] is not eligible for getting processed by all BeanPostProcessors (for example: not eligible for auto-proxying)
2019-11-18 09:13:49,689 INFO org.springframework.boot.web.embedded.tomcat.TomcatWebServer [restartedMain] Tomcat initialized with port(s): 80 (http)
2019-11-18 09:13:49,711 INFO org.apache.coyote.http11.Http11NioProtocol [restartedMain] Initializing ProtocolHandler ["http-nio-80"]
2019-11-18 09:13:49,726 INFO org.apache.catalina.core.StandardService [restartedMain] Starting service [Tomcat]
2019-11-18 09:13:49,726 INFO org.apache.catalina.core.StandardEngine [restartedMain] Starting Servlet engine: [Apache Tomcat/9.0.24]
2019-11-18 09:13:49,919 INFO org.apache.catalina.core.ContainerBase.[Tomcat].[localhost].[/api] [restartedMain] Initializing Spring embedded WebApplicationContext
2019-11-18 09:13:50,068 INFO org.flywaydb.core.internal.license.VersionPrinter [restartedMain] Flyway Community Edition 5.2.4 by Boxfuse
2019-11-18 09:13:50,071 INFO com.zaxxer.hikari.HikariDataSource [restartedMain] HikariPool-1 - Starting...
2019-11-18 09:13:52,529 INFO com.zaxxer.hikari.HikariDataSource [restartedMain] HikariPool-1 - Start completed.
2019-11-18 09:13:52,553 INFO org.flywaydb.core.internal.database.DatabaseFactory [restartedMain] Database: jdbc:postgresql://valisonu.cvun9oez4fgd.us-east-1.rds.amazonaws.com:5432/postgres (PostgreSQL 11.5)
2019-11-18 09:13:52,695 WARN org.flywaydb.core.internal.database.base.Database [restartedMain] Flyway upgrade recommended: PostgreSQL 11.5 is newer than this version of Flyway and support has not been tested.
2019-11-18 09:13:54,182 INFO org.flywaydb.core.internal.command.DbValidate [restartedMain] Successfully validated 4 migrations (execution time 00:00.591s)
2019-11-18 09:13:55,490 INFO org.flywaydb.core.internal.command.DbMigrate [restartedMain] Current version of schema "public": 4
2019-11-18 09:13:55,609 INFO org.flywaydb.core.internal.command.DbMigrate [restartedMain] Schema "public" is up to date. No migration necessary.
2019-11-18 09:13:59,659 INFO org.springframework.orm.jpa.LocalContainerEntityManagerFactoryBean [restartedMain] Initialized JPA EntityManagerFactory for persistence unit 'default'
2019-11-18 09:14:00,579 WARN org.springframework.boot.autoconfigure.orm.jpa.JpaBaseConfiguration$JpaWebConfiguration$JpaWebMvcConfiguration [restartedMain] spring.jpa.open-in-view is enabled by default. Therefore, database queries may be performed during view rendering. Explicitly configure spring.jpa.open-in-view to disable this warning
2019-11-18 09:14:01,287 INFO org.springframework.boot.devtools.autoconfigure.OptionalLiveReloadServer [restartedMain] LiveReload server is running on port 35729
2019-11-18 09:14:01,351 INFO org.apache.coyote.http11.Http11NioProtocol [restartedMain] Starting ProtocolHandler ["http-nio-80"]
2019-11-18 09:14:01,392 INFO org.springframework.boot.web.embedded.tomcat.TomcatWebServer [restartedMain] Tomcat started on port(s): 80 (http) with context path '/api'
2019-11-18 09:14:01,400 INFO ee.taltech.java1127.Java1127Application [restartedMain] Started Java1127Application in 15.511 seconds (JVM running for 18.917)
2019-11-18 12:22:20,773 WARN com.zaxxer.hikari.pool.HikariPool [HikariPool-1 housekeeper] HikariPool-1 - Thread starvation or clock leap detected (housekeeper delta=3h28s104ms362µs500ns).
2019-11-18 19:17:28,031 WARN com.zaxxer.hikari.pool.HikariPool [HikariPool-1 housekeeper] HikariPool-1 - Thread starvation or clock leap detected (housekeeper delta=6h55m14s552ms903µs700ns).
2019-11-18 19:18:34,948 INFO org.apache.coyote.http11.Http11Processor [http-nio-80-exec-1] Error parsing HTTP request header
 Note: further occurrences of HTTP request parsing errors will be logged at DEBUG level.
java.lang.IllegalArgumentException: Invalid character found in method name. HTTP method names must be tokens
	at org.apache.coyote.http11.Http11InputBuffer.parseRequestLine(Http11InputBuffer.java:415)
	at org.apache.coyote.http11.Http11Processor.service(Http11Processor.java:292)
	at org.apache.coyote.AbstractProcessorLight.process(AbstractProcessorLight.java:66)
	at org.apache.coyote.AbstractProtocol$ConnectionHandler.process(AbstractProtocol.java:860)
	at org.apache.tomcat.util.net.NioEndpoint$SocketProcessor.doRun(NioEndpoint.java:1587)
	at org.apache.tomcat.util.net.SocketProcessorBase.run(SocketProcessorBase.java:49)
	at java.base/java.util.concurrent.ThreadPoolExecutor.runWorker(ThreadPoolExecutor.java:1128)
	at java.base/java.util.concurrent.ThreadPoolExecutor$Worker.run(ThreadPoolExecutor.java:628)
	at org.apache.tomcat.util.threads.TaskThread$WrappingRunnable.run(TaskThread.java:61)
	at java.base/java.lang.Thread.run(Thread.java:834)
2019-11-18 19:18:34,959 INFO org.apache.coyote.http11.Http11Processor [http-nio-80-exec-2] Error parsing HTTP request header
 Note: further occurrences of HTTP request parsing errors will be logged at DEBUG level.
java.lang.IllegalArgumentException: Invalid character found in method name. HTTP method names must be tokens
	at org.apache.coyote.http11.Http11InputBuffer.parseRequestLine(Http11InputBuffer.java:415)
	at org.apache.coyote.http11.Http11Processor.service(Http11Processor.java:292)
	at org.apache.coyote.AbstractProcessorLight.process(AbstractProcessorLight.java:66)
	at org.apache.coyote.AbstractProtocol$ConnectionHandler.process(AbstractProtocol.java:860)
	at org.apache.tomcat.util.net.NioEndpoint$SocketProcessor.doRun(NioEndpoint.java:1587)
	at org.apache.tomcat.util.net.SocketProcessorBase.run(SocketProcessorBase.java:49)
	at java.base/java.util.concurrent.ThreadPoolExecutor.runWorker(ThreadPoolExecutor.java:1128)
	at java.base/java.util.concurrent.ThreadPoolExecutor$Worker.run(ThreadPoolExecutor.java:628)
	at org.apache.tomcat.util.threads.TaskThread$WrappingRunnable.run(TaskThread.java:61)
	at java.base/java.lang.Thread.run(Thread.java:834)
2019-11-18 19:21:53,460 INFO ee.taltech.java1127.Java1127Application [restartedMain] Starting Java1127Application on EGLE with PID 17616 (C:\Users\Egle\IdeaProjects\iti0203-2019-1127\out\production\classes started by Egle in C:\Users\Egle\IdeaProjects\iti0203-2019-1127)
2019-11-18 19:21:53,466 INFO ee.taltech.java1127.Java1127Application [restartedMain] No active profile set, falling back to default profiles: default
2019-11-18 19:21:53,574 INFO org.springframework.boot.devtools.env.DevToolsPropertyDefaultsPostProcessor [restartedMain] Devtools property defaults active! Set 'spring.devtools.add-properties' to 'false' to disable
2019-11-18 19:21:53,575 INFO org.springframework.boot.devtools.env.DevToolsPropertyDefaultsPostProcessor [restartedMain] For additional web related logging consider setting the 'logging.level.web' property to 'DEBUG'
2019-11-18 19:21:55,346 INFO org.springframework.data.repository.config.RepositoryConfigurationDelegate [restartedMain] Bootstrapping Spring Data repositories in DEFAULT mode.
2019-11-18 19:21:55,534 INFO org.springframework.data.repository.config.RepositoryConfigurationDelegate [restartedMain] Finished Spring Data repository scanning in 168ms. Found 3 repository interfaces.
2019-11-18 19:21:56,185 INFO org.springframework.context.support.PostProcessorRegistrationDelegate$BeanPostProcessorChecker [restartedMain] Bean 'org.springframework.transaction.annotation.ProxyTransactionManagementConfiguration' of type [org.springframework.transaction.annotation.ProxyTransactionManagementConfiguration$$EnhancerBySpringCGLIB$$ba72ffe9] is not eligible for getting processed by all BeanPostProcessors (for example: not eligible for auto-proxying)
2019-11-18 19:21:56,811 INFO org.springframework.boot.web.embedded.tomcat.TomcatWebServer [restartedMain] Tomcat initialized with port(s): 8000 (http)
2019-11-18 19:21:56,842 INFO org.apache.coyote.http11.Http11NioProtocol [restartedMain] Initializing ProtocolHandler ["http-nio-8000"]
2019-11-18 19:21:56,864 INFO org.apache.catalina.core.StandardService [restartedMain] Starting service [Tomcat]
2019-11-18 19:21:56,864 INFO org.apache.catalina.core.StandardEngine [restartedMain] Starting Servlet engine: [Apache Tomcat/9.0.24]
2019-11-18 19:21:57,093 INFO org.apache.catalina.core.ContainerBase.[Tomcat].[localhost].[/api] [restartedMain] Initializing Spring embedded WebApplicationContext
2019-11-18 19:21:57,247 INFO org.flywaydb.core.internal.license.VersionPrinter [restartedMain] Flyway Community Edition 5.2.4 by Boxfuse
2019-11-18 19:21:57,250 INFO com.zaxxer.hikari.HikariDataSource [restartedMain] HikariPool-1 - Starting...
2019-11-18 19:22:00,561 INFO com.zaxxer.hikari.HikariDataSource [restartedMain] HikariPool-1 - Start completed.
2019-11-18 19:22:00,567 INFO org.flywaydb.core.internal.database.DatabaseFactory [restartedMain] Database: jdbc:postgresql://valisonu.cvun9oez4fgd.us-east-1.rds.amazonaws.com:5432/postgres (PostgreSQL 11.5)
2019-11-18 19:22:00,708 WARN org.flywaydb.core.internal.database.base.Database [restartedMain] Flyway upgrade recommended: PostgreSQL 11.5 is newer than this version of Flyway and support has not been tested.
2019-11-18 19:22:02,360 INFO org.flywaydb.core.internal.command.DbValidate [restartedMain] Successfully validated 4 migrations (execution time 00:00.551s)
2019-11-18 19:22:04,289 INFO org.flywaydb.core.internal.command.DbMigrate [restartedMain] Current version of schema "public": 4
2019-11-18 19:22:04,416 INFO org.flywaydb.core.internal.command.DbMigrate [restartedMain] Schema "public" is up to date. No migration necessary.
2019-11-18 19:22:07,987 INFO org.springframework.orm.jpa.LocalContainerEntityManagerFactoryBean [restartedMain] Initialized JPA EntityManagerFactory for persistence unit 'default'
2019-11-18 19:22:09,349 WARN org.springframework.boot.autoconfigure.orm.jpa.JpaBaseConfiguration$JpaWebConfiguration$JpaWebMvcConfiguration [restartedMain] spring.jpa.open-in-view is enabled by default. Therefore, database queries may be performed during view rendering. Explicitly configure spring.jpa.open-in-view to disable this warning
2019-11-18 19:22:10,121 INFO org.springframework.boot.devtools.autoconfigure.OptionalLiveReloadServer [restartedMain] LiveReload server is running on port 35729
2019-11-18 19:22:10,193 INFO org.apache.coyote.http11.Http11NioProtocol [restartedMain] Starting ProtocolHandler ["http-nio-8000"]
2019-11-18 19:22:10,244 INFO org.springframework.boot.web.embedded.tomcat.TomcatWebServer [restartedMain] Tomcat started on port(s): 8000 (http) with context path '/api'
2019-11-18 19:22:10,252 INFO ee.taltech.java1127.Java1127Application [restartedMain] Started Java1127Application in 18.083 seconds (JVM running for 21.713)
2019-11-18 19:22:14,096 INFO org.apache.catalina.core.ContainerBase.[Tomcat].[localhost].[/api] [http-nio-8000-exec-1] Initializing Spring DispatcherServlet 'dispatcherServlet'
2019-11-18 19:36:31,605 ERROR ee.taltech.java1127.service.UserService [http-nio-8000-exec-3] User email is already added
2019-11-18 19:54:24,186 ERROR ee.taltech.java1127.service.WordService [http-nio-8000-exec-5] Word is already added
2019-11-18 19:59:45,775 INFO ee.taltech.java1127.Java1127Application [restartedMain] Starting Java1127Application on EGLE with PID 14848 (C:\Users\Egle\IdeaProjects\iti0203-2019-1127\out\production\classes started by Egle in C:\Users\Egle\IdeaProjects\iti0203-2019-1127)
2019-11-18 19:59:45,781 INFO ee.taltech.java1127.Java1127Application [restartedMain] No active profile set, falling back to default profiles: default
2019-11-18 19:59:45,876 INFO org.springframework.boot.devtools.env.DevToolsPropertyDefaultsPostProcessor [restartedMain] Devtools property defaults active! Set 'spring.devtools.add-properties' to 'false' to disable
2019-11-18 19:59:45,876 INFO org.springframework.boot.devtools.env.DevToolsPropertyDefaultsPostProcessor [restartedMain] For additional web related logging consider setting the 'logging.level.web' property to 'DEBUG'
2019-11-18 19:59:47,249 INFO org.springframework.data.repository.config.RepositoryConfigurationDelegate [restartedMain] Bootstrapping Spring Data repositories in DEFAULT mode.
2019-11-18 19:59:47,377 INFO org.springframework.data.repository.config.RepositoryConfigurationDelegate [restartedMain] Finished Spring Data repository scanning in 103ms. Found 3 repository interfaces.
2019-11-18 19:59:47,853 INFO org.springframework.context.support.PostProcessorRegistrationDelegate$BeanPostProcessorChecker [restartedMain] Bean 'org.springframework.transaction.annotation.ProxyTransactionManagementConfiguration' of type [org.springframework.transaction.annotation.ProxyTransactionManagementConfiguration$$EnhancerBySpringCGLIB$$fb1c9cb0] is not eligible for getting processed by all BeanPostProcessors (for example: not eligible for auto-proxying)
2019-11-18 19:59:48,278 INFO org.springframework.boot.web.embedded.tomcat.TomcatWebServer [restartedMain] Tomcat initialized with port(s): 80 (http)
2019-11-18 19:59:48,301 INFO org.apache.coyote.http11.Http11NioProtocol [restartedMain] Initializing ProtocolHandler ["http-nio-80"]
2019-11-18 19:59:48,314 INFO org.apache.catalina.core.StandardService [restartedMain] Starting service [Tomcat]
2019-11-18 19:59:48,315 INFO org.apache.catalina.core.StandardEngine [restartedMain] Starting Servlet engine: [Apache Tomcat/9.0.24]
2019-11-18 19:59:48,503 INFO org.apache.catalina.core.ContainerBase.[Tomcat].[localhost].[/api] [restartedMain] Initializing Spring embedded WebApplicationContext
2019-11-18 19:59:48,644 INFO org.flywaydb.core.internal.license.VersionPrinter [restartedMain] Flyway Community Edition 5.2.4 by Boxfuse
2019-11-18 19:59:48,647 INFO com.zaxxer.hikari.HikariDataSource [restartedMain] HikariPool-1 - Starting...
2019-11-18 19:59:50,714 INFO com.zaxxer.hikari.HikariDataSource [restartedMain] HikariPool-1 - Start completed.
2019-11-18 19:59:50,720 INFO org.flywaydb.core.internal.database.DatabaseFactory [restartedMain] Database: jdbc:postgresql://valisonu.cvun9oez4fgd.us-east-1.rds.amazonaws.com:5432/postgres (PostgreSQL 11.5)
2019-11-18 19:59:50,853 WARN org.flywaydb.core.internal.database.base.Database [restartedMain] Flyway upgrade recommended: PostgreSQL 11.5 is newer than this version of Flyway and support has not been tested.
2019-11-18 19:59:52,271 INFO org.flywaydb.core.internal.command.DbValidate [restartedMain] Successfully validated 4 migrations (execution time 00:00.529s)
2019-11-18 19:59:53,628 INFO org.flywaydb.core.internal.command.DbMigrate [restartedMain] Current version of schema "public": 4
2019-11-18 19:59:53,751 INFO org.flywaydb.core.internal.command.DbMigrate [restartedMain] Schema "public" is up to date. No migration necessary.
2019-11-18 19:59:55,701 INFO org.springframework.orm.jpa.LocalContainerEntityManagerFactoryBean [restartedMain] Initialized JPA EntityManagerFactory for persistence unit 'default'
2019-11-18 19:59:56,187 WARN org.springframework.boot.autoconfigure.orm.jpa.JpaBaseConfiguration$JpaWebConfiguration$JpaWebMvcConfiguration [restartedMain] spring.jpa.open-in-view is enabled by default. Therefore, database queries may be performed during view rendering. Explicitly configure spring.jpa.open-in-view to disable this warning
2019-11-18 19:59:56,610 INFO org.springframework.boot.devtools.autoconfigure.OptionalLiveReloadServer [restartedMain] LiveReload server is running on port 35729
2019-11-18 19:59:56,644 INFO org.apache.coyote.http11.Http11NioProtocol [restartedMain] Starting ProtocolHandler ["http-nio-80"]
2019-11-18 19:59:56,672 INFO org.springframework.boot.web.embedded.tomcat.TomcatWebServer [restartedMain] Tomcat started on port(s): 80 (http) with context path '/api'
2019-11-18 19:59:56,678 INFO ee.taltech.java1127.Java1127Application [restartedMain] Started Java1127Application in 12.033 seconds (JVM running for 15.178)
2019-11-18 20:00:43,736 INFO org.springframework.boot.test.autoconfigure.web.servlet.WebMvcTestContextBootstrapper [main] Neither @ContextConfiguration nor @ContextHierarchy found for test class [ee.taltech.java1127.SynonymControllerTest], using SpringBootContextLoader
2019-11-18 20:00:43,754 INFO org.springframework.test.context.support.AbstractContextLoader [main] Could not detect default resource locations for test class [ee.taltech.java1127.SynonymControllerTest]: no resource found for suffixes {-context.xml, Context.groovy}.
2019-11-18 20:00:43,756 INFO org.springframework.test.context.support.AnnotationConfigContextLoaderUtils [main] Could not detect default configuration classes for test class [ee.taltech.java1127.SynonymControllerTest]: SynonymControllerTest does not declare any static, non-private, non-final, nested classes annotated with @Configuration.
2019-11-18 20:00:44,097 INFO org.springframework.boot.test.context.SpringBootTestContextBootstrapper [main] Found @SpringBootConfiguration ee.taltech.java1127.Java1127Application for test class ee.taltech.java1127.SynonymControllerTest
2019-11-18 20:00:44,102 INFO org.springframework.boot.test.autoconfigure.web.servlet.WebMvcTestContextBootstrapper [main] Loaded default TestExecutionListener class names from location [META-INF/spring.factories]: [org.springframework.boot.test.autoconfigure.restdocs.RestDocsTestExecutionListener, org.springframework.boot.test.autoconfigure.web.client.MockRestServiceServerResetTestExecutionListener, org.springframework.boot.test.autoconfigure.web.servlet.MockMvcPrintOnlyOnFailureTestExecutionListener, org.springframework.boot.test.autoconfigure.web.servlet.WebDriverTestExecutionListener, org.springframework.boot.test.mock.mockito.MockitoTestExecutionListener, org.springframework.boot.test.mock.mockito.ResetMocksTestExecutionListener, org.springframework.test.context.web.ServletTestExecutionListener, org.springframework.test.context.support.DirtiesContextBeforeModesTestExecutionListener, org.springframework.test.context.support.DependencyInjectionTestExecutionListener, org.springframework.test.context.support.DirtiesContextTestExecutionListener, org.springframework.test.context.transaction.TransactionalTestExecutionListener, org.springframework.test.context.jdbc.SqlScriptsTestExecutionListener]
2019-11-18 20:00:44,146 INFO org.springframework.boot.test.autoconfigure.web.servlet.WebMvcTestContextBootstrapper [main] Using TestExecutionListeners: [org.springframework.test.context.web.ServletTestExecutionListener@5b67bb7e, org.springframework.test.context.support.DirtiesContextBeforeModesTestExecutionListener@609db546, org.springframework.boot.test.mock.mockito.MockitoTestExecutionListener@20f5281c, org.springframework.boot.test.autoconfigure.SpringBootDependencyInjectionTestExecutionListener@56c4278e, org.springframework.test.context.support.DirtiesContextTestExecutionListener@301eda63, org.springframework.test.context.transaction.TransactionalTestExecutionListener@3d246ea3, org.springframework.test.context.jdbc.SqlScriptsTestExecutionListener@341814d3, org.springframework.boot.test.autoconfigure.restdocs.RestDocsTestExecutionListener@4397ad89, org.springframework.boot.test.autoconfigure.web.client.MockRestServiceServerResetTestExecutionListener@59cba5a, org.springframework.boot.test.autoconfigure.web.servlet.MockMvcPrintOnlyOnFailureTestExecutionListener@1bd39d3c, org.springframework.boot.test.autoconfigure.web.servlet.WebDriverTestExecutionListener@6f19ac19, org.springframework.boot.test.mock.mockito.ResetMocksTestExecutionListener@119cbf96]
2019-11-18 20:00:45,595 INFO ee.taltech.java1127.SynonymControllerTest [main] Starting SynonymControllerTest on EGLE with PID 12788 (started by Egle in C:\Users\Egle\IdeaProjects\iti0203-2019-1127)
2019-11-18 20:00:45,600 INFO ee.taltech.java1127.SynonymControllerTest [main] No active profile set, falling back to default profiles: default
2019-11-18 20:00:50,751 INFO org.springframework.boot.test.mock.web.SpringBootMockServletContext [main] Initializing Spring TestDispatcherServlet ''
2019-11-18 20:00:50,752 INFO org.springframework.test.web.servlet.TestDispatcherServlet [main] Initializing Servlet ''
2019-11-18 20:00:50,785 INFO org.springframework.test.web.servlet.TestDispatcherServlet [main] Completed initialization in 32 ms
2019-11-18 20:00:50,853 INFO ee.taltech.java1127.SynonymControllerTest [main] Started SynonymControllerTest in 6.289 seconds (JVM running for 9.41)
2019-11-18 20:01:04,895 INFO org.springframework.boot.test.autoconfigure.web.servlet.WebMvcTestContextBootstrapper [main] Neither @ContextConfiguration nor @ContextHierarchy found for test class [ee.taltech.java1127.UserControllerTest], using SpringBootContextLoader
2019-11-18 20:01:04,912 INFO org.springframework.test.context.support.AbstractContextLoader [main] Could not detect default resource locations for test class [ee.taltech.java1127.UserControllerTest]: no resource found for suffixes {-context.xml, Context.groovy}.
2019-11-18 20:01:04,915 INFO org.springframework.test.context.support.AnnotationConfigContextLoaderUtils [main] Could not detect default configuration classes for test class [ee.taltech.java1127.UserControllerTest]: UserControllerTest does not declare any static, non-private, non-final, nested classes annotated with @Configuration.
2019-11-18 20:01:05,320 INFO org.springframework.boot.test.context.SpringBootTestContextBootstrapper [main] Found @SpringBootConfiguration ee.taltech.java1127.Java1127Application for test class ee.taltech.java1127.UserControllerTest
2019-11-18 20:01:05,325 INFO org.springframework.boot.test.autoconfigure.web.servlet.WebMvcTestContextBootstrapper [main] Loaded default TestExecutionListener class names from location [META-INF/spring.factories]: [org.springframework.boot.test.autoconfigure.restdocs.RestDocsTestExecutionListener, org.springframework.boot.test.autoconfigure.web.client.MockRestServiceServerResetTestExecutionListener, org.springframework.boot.test.autoconfigure.web.servlet.MockMvcPrintOnlyOnFailureTestExecutionListener, org.springframework.boot.test.autoconfigure.web.servlet.WebDriverTestExecutionListener, org.springframework.boot.test.mock.mockito.MockitoTestExecutionListener, org.springframework.boot.test.mock.mockito.ResetMocksTestExecutionListener, org.springframework.test.context.web.ServletTestExecutionListener, org.springframework.test.context.support.DirtiesContextBeforeModesTestExecutionListener, org.springframework.test.context.support.DependencyInjectionTestExecutionListener, org.springframework.test.context.support.DirtiesContextTestExecutionListener, org.springframework.test.context.transaction.TransactionalTestExecutionListener, org.springframework.test.context.jdbc.SqlScriptsTestExecutionListener]
2019-11-18 20:01:05,380 INFO org.springframework.boot.test.autoconfigure.web.servlet.WebMvcTestContextBootstrapper [main] Using TestExecutionListeners: [org.springframework.test.context.web.ServletTestExecutionListener@609db546, org.springframework.test.context.support.DirtiesContextBeforeModesTestExecutionListener@20f5281c, org.springframework.boot.test.mock.mockito.MockitoTestExecutionListener@56c4278e, org.springframework.boot.test.autoconfigure.SpringBootDependencyInjectionTestExecutionListener@301eda63, org.springframework.test.context.support.DirtiesContextTestExecutionListener@3d246ea3, org.springframework.test.context.transaction.TransactionalTestExecutionListener@341814d3, org.springframework.test.context.jdbc.SqlScriptsTestExecutionListener@4397ad89, org.springframework.boot.test.autoconfigure.restdocs.RestDocsTestExecutionListener@59cba5a, org.springframework.boot.test.autoconfigure.web.client.MockRestServiceServerResetTestExecutionListener@1bd39d3c, org.springframework.boot.test.autoconfigure.web.servlet.MockMvcPrintOnlyOnFailureTestExecutionListener@6f19ac19, org.springframework.boot.test.autoconfigure.web.servlet.WebDriverTestExecutionListener@119cbf96, org.springframework.boot.test.mock.mockito.ResetMocksTestExecutionListener@71329995]
2019-11-18 20:01:06,853 INFO ee.taltech.java1127.UserControllerTest [main] Starting UserControllerTest on EGLE with PID 1228 (started by Egle in C:\Users\Egle\IdeaProjects\iti0203-2019-1127)
2019-11-18 20:01:06,855 INFO ee.taltech.java1127.UserControllerTest [main] No active profile set, falling back to default profiles: default
2019-11-18 20:01:12,195 INFO org.springframework.boot.test.mock.web.SpringBootMockServletContext [main] Initializing Spring TestDispatcherServlet ''
2019-11-18 20:01:12,196 INFO org.springframework.test.web.servlet.TestDispatcherServlet [main] Initializing Servlet ''
2019-11-18 20:01:12,226 INFO org.springframework.test.web.servlet.TestDispatcherServlet [main] Completed initialization in 30 ms
2019-11-18 20:01:12,292 INFO ee.taltech.java1127.UserControllerTest [main] Started UserControllerTest in 6.429 seconds (JVM running for 9.355)
2019-11-18 20:01:26,327 INFO org.springframework.boot.test.autoconfigure.web.servlet.WebMvcTestContextBootstrapper [main] Neither @ContextConfiguration nor @ContextHierarchy found for test class [ee.taltech.java1127.WordControllerTest], using SpringBootContextLoader
2019-11-18 20:01:26,344 INFO org.springframework.test.context.support.AbstractContextLoader [main] Could not detect default resource locations for test class [ee.taltech.java1127.WordControllerTest]: no resource found for suffixes {-context.xml, Context.groovy}.
2019-11-18 20:01:26,347 INFO org.springframework.test.context.support.AnnotationConfigContextLoaderUtils [main] Could not detect default configuration classes for test class [ee.taltech.java1127.WordControllerTest]: WordControllerTest does not declare any static, non-private, non-final, nested classes annotated with @Configuration.
2019-11-18 20:01:26,805 INFO org.springframework.boot.test.context.SpringBootTestContextBootstrapper [main] Found @SpringBootConfiguration ee.taltech.java1127.Java1127Application for test class ee.taltech.java1127.WordControllerTest
2019-11-18 20:01:26,814 INFO org.springframework.boot.test.autoconfigure.web.servlet.WebMvcTestContextBootstrapper [main] Loaded default TestExecutionListener class names from location [META-INF/spring.factories]: [org.springframework.boot.test.autoconfigure.restdocs.RestDocsTestExecutionListener, org.springframework.boot.test.autoconfigure.web.client.MockRestServiceServerResetTestExecutionListener, org.springframework.boot.test.autoconfigure.web.servlet.MockMvcPrintOnlyOnFailureTestExecutionListener, org.springframework.boot.test.autoconfigure.web.servlet.WebDriverTestExecutionListener, org.springframework.boot.test.mock.mockito.MockitoTestExecutionListener, org.springframework.boot.test.mock.mockito.ResetMocksTestExecutionListener, org.springframework.test.context.web.ServletTestExecutionListener, org.springframework.test.context.support.DirtiesContextBeforeModesTestExecutionListener, org.springframework.test.context.support.DependencyInjectionTestExecutionListener, org.springframework.test.context.support.DirtiesContextTestExecutionListener, org.springframework.test.context.transaction.TransactionalTestExecutionListener, org.springframework.test.context.jdbc.SqlScriptsTestExecutionListener]
2019-11-18 20:01:26,891 INFO org.springframework.boot.test.autoconfigure.web.servlet.WebMvcTestContextBootstrapper [main] Using TestExecutionListeners: [org.springframework.test.context.web.ServletTestExecutionListener@609db546, org.springframework.test.context.support.DirtiesContextBeforeModesTestExecutionListener@20f5281c, org.springframework.boot.test.mock.mockito.MockitoTestExecutionListener@56c4278e, org.springframework.boot.test.autoconfigure.SpringBootDependencyInjectionTestExecutionListener@301eda63, org.springframework.test.context.support.DirtiesContextTestExecutionListener@3d246ea3, org.springframework.test.context.transaction.TransactionalTestExecutionListener@341814d3, org.springframework.test.context.jdbc.SqlScriptsTestExecutionListener@4397ad89, org.springframework.boot.test.autoconfigure.restdocs.RestDocsTestExecutionListener@59cba5a, org.springframework.boot.test.autoconfigure.web.client.MockRestServiceServerResetTestExecutionListener@1bd39d3c, org.springframework.boot.test.autoconfigure.web.servlet.MockMvcPrintOnlyOnFailureTestExecutionListener@6f19ac19, org.springframework.boot.test.autoconfigure.web.servlet.WebDriverTestExecutionListener@119cbf96, org.springframework.boot.test.mock.mockito.ResetMocksTestExecutionListener@71329995]
2019-11-18 20:01:28,416 INFO ee.taltech.java1127.WordControllerTest [main] Starting WordControllerTest on EGLE with PID 24280 (started by Egle in C:\Users\Egle\IdeaProjects\iti0203-2019-1127)
2019-11-18 20:01:28,420 INFO ee.taltech.java1127.WordControllerTest [main] No active profile set, falling back to default profiles: default
2019-11-18 20:01:33,762 INFO org.springframework.boot.test.mock.web.SpringBootMockServletContext [main] Initializing Spring TestDispatcherServlet ''
2019-11-18 20:01:33,763 INFO org.springframework.test.web.servlet.TestDispatcherServlet [main] Initializing Servlet ''
2019-11-18 20:01:33,797 INFO org.springframework.test.web.servlet.TestDispatcherServlet [main] Completed initialization in 33 ms
2019-11-18 20:01:33,862 INFO ee.taltech.java1127.WordControllerTest [main] Started WordControllerTest in 6.525 seconds (JVM running for 9.526)
2019-11-18 21:18:22,380 WARN com.zaxxer.hikari.pool.HikariPool [HikariPool-1 housekeeper] HikariPool-1 - Thread starvation or clock leap detected (housekeeper delta=10m1s413ms431µs900ns).
2019-11-18 22:11:22,107 WARN com.zaxxer.hikari.pool.HikariPool [HikariPool-1 housekeeper] HikariPool-1 - Thread starvation or clock leap detected (housekeeper delta=47m29s692ms930µs400ns).
